<?xml version="1.0" encoding="UTF-8"?>
<!-- Generated by org.testng.reporters.JUnitReportReporter -->
<testsuite hostname="MSI" failures="0" tests="1" name="com.automation.tests.AddEmployeeTest" time="17.791" errors="0" timestamp="03 Dec 2021 15:11:05 GMT" skipped="0">
  <testcase classname="com.automation.tests.AddEmployeeTest" name="verifyUserCanAbleToAddEmployee" time="17.791"/>
</testsuite> <!-- com.automation.tests.AddEmployeeTest -->
